0 info it worked if it ends with ok
1 verbose cli [ 'C:\\Users\\Yura\\IdeaProjects\\demo-parent\\demo-ui\\node\\node.exe',
1 verbose cli   'C:\\Users\\Yura\\IdeaProjects\\demo-parent\\demo-ui\\node\\node_modules\\npm\\bin\\npm-cli.js',
1 verbose cli   'run',
1 verbose cli   'build' ]
2 info using npm@3.10.9
3 info using node@v6.9.1
4 verbose run-script [ 'prebuild', 'build', 'postbuild' ]
5 info lifecycle demo-ui@0.0.0~prebuild: demo-ui@0.0.0
6 silly lifecycle demo-ui@0.0.0~prebuild: no script for prebuild, continuing
7 info lifecycle demo-ui@0.0.0~build: demo-ui@0.0.0
8 verbose lifecycle demo-ui@0.0.0~build: unsafe-perm in lifecycle true
9 verbose lifecycle demo-ui@0.0.0~build: PATH: C:\Users\Yura\IdeaProjects\demo-parent\demo-ui\node\node_modules\npm\bin\node-gyp-bin;C:\Users\Yura\IdeaProjects\demo-parent\demo-ui\node_modules\.bin;C:\Users\Yura\IdeaProjects\demo-parent\demo-ui\node;C:\Program Files (x86)\Common Files\Oracle\Java\javapath;C:\Windows\system32;C:\Windows;C:\Windows\System32\Wbem;C:\Windows\System32\WindowsPowerShell\v1.0\;C:\Windows\System32\OpenSSH\;C:\Program Files (x86)\NVIDIA Corporation\PhysX\Common;C:\Program Files\NVIDIA Corporation\NVIDIA NvDLISR;C:\Program Files\Intel\WiFi\bin\;C:\Program Files\Common Files\Intel\WirelessCommon\;C:\Program Files\Git\cmd;C:\Program Files\nodejs\;C:\Program Files\Docker\Docker\resources\bin;C:\ProgramData\DockerDesktop\version-bin;C:\Users\Yura\AppData\Local\Microsoft\WindowsApps;C:\Program Files\Intel\WiFi\bin\;C:\Program Files\Common Files\Intel\WirelessCommon\;C:\Users\Yura\AppData\Roaming\npm;
10 verbose lifecycle demo-ui@0.0.0~build: CWD: C:\Users\Yura\IdeaProjects\demo-parent\demo-ui
11 silly lifecycle demo-ui@0.0.0~build: Args: [ '/d /s /c', 'ng build' ]
12 silly lifecycle demo-ui@0.0.0~build: Returned: code: 1  signal: null
13 info lifecycle demo-ui@0.0.0~build: Failed to exec build script
14 verbose stack Error: demo-ui@0.0.0 build: `ng build`
14 verbose stack Exit status 1
14 verbose stack     at EventEmitter.<anonymous> (C:\Users\Yura\IdeaProjects\demo-parent\demo-ui\node\node_modules\npm\lib\utils\lifecycle.js:255:16)
14 verbose stack     at emitTwo (events.js:106:13)
14 verbose stack     at EventEmitter.emit (events.js:191:7)
14 verbose stack     at ChildProcess.<anonymous> (C:\Users\Yura\IdeaProjects\demo-parent\demo-ui\node\node_modules\npm\lib\utils\spawn.js:40:14)
14 verbose stack     at emitTwo (events.js:106:13)
14 verbose stack     at ChildProcess.emit (events.js:191:7)
14 verbose stack     at maybeClose (internal/child_process.js:877:16)
14 verbose stack     at Process.ChildProcess._handle.onexit (internal/child_process.js:226:5)
15 verbose pkgid demo-ui@0.0.0
16 verbose cwd C:\Users\Yura\IdeaProjects\demo-parent\demo-ui
17 error Windows_NT 10.0.18363
18 error argv "C:\\Users\\Yura\\IdeaProjects\\demo-parent\\demo-ui\\node\\node.exe" "C:\\Users\\Yura\\IdeaProjects\\demo-parent\\demo-ui\\node\\node_modules\\npm\\bin\\npm-cli.js" "run" "build"
19 error node v6.9.1
20 error npm  v3.10.9
21 error code ELIFECYCLE
22 error demo-ui@0.0.0 build: `ng build`
22 error Exit status 1
23 error Failed at the demo-ui@0.0.0 build script 'ng build'.
23 error Make sure you have the latest version of node.js and npm installed.
23 error If you do, this is most likely a problem with the demo-ui package,
23 error not with npm itself.
23 error Tell the author that this fails on your system:
23 error     ng build
23 error You can get information on how to open an issue for this project with:
23 error     npm bugs demo-ui
23 error Or if that isn't available, you can get their info via:
23 error     npm owner ls demo-ui
23 error There is likely additional logging output above.
24 verbose exit [ 1, true ]
